2022-04-16 00:00:00.037  WARN 1496 --- [scheduling-1] c.a.druid.pool.DruidAbstractDataSource   : discard long time none received connection. , jdbcUrl : jdbc:mysql://127.0.0.1:3306/mydata?useUnicode=true&characterEncoding=utf-8&severTimezone=UTC, version : 1.2.5, lastPacketReceivedIdleMillis : 174467
2022-04-16 00:00:00.068  INFO 1496 --- [scheduling-1] com.sch.scheduled.ScheduledTask          : 重置条数5
2022-04-16 00:00:11.331  INFO 1496 --- [SpringApplicationShutdownHook] com.alibaba.druid.pool.DruidDataSource   : {dataSource-1} closing ...
2022-04-16 00:00:11.347  INFO 1496 --- [SpringApplicationShutdownHook] com.alibaba.druid.pool.DruidDataSource   : {dataSource-1} closed
2022-04-16 00:00:16.039  INFO 13044 --- [main] com.sch.SchApplication                   : Starting SchApplication using Java 11.0.13 on ntbook with PID 13044 (D:\_____idea\_____project\_____git\target\classes started by Gao in D:\_____idea\_____project\_____git)
2022-04-16 00:00:16.039  INFO 13044 --- [main] com.sch.SchApplication                   : No active profile set, falling back to default profiles: default
2022-04-16 00:00:16.525  INFO 13044 --- [main] .s.d.r.c.RepositoryConfigurationDelegate : Multiple Spring Data modules found, entering strict repository configuration mode!
2022-04-16 00:00:16.525  INFO 13044 --- [main] .s.d.r.c.RepositoryConfigurationDelegate : Bootstrapping Spring Data Redis repositories in DEFAULT mode.
2022-04-16 00:00:16.541  INFO 13044 --- [main] .s.d.r.c.RepositoryConfigurationDelegate : Finished Spring Data repository scanning in 8 ms. Found 0 Redis repository interfaces.
2022-04-16 00:00:17.074  INFO 13044 --- [main] o.s.b.w.embedded.tomcat.TomcatWebServer  : Tomcat initialized with port(s): 8888 (http)
2022-04-16 00:00:17.090  INFO 13044 --- [main] o.apache.catalina.core.StandardService   : Starting service [Tomcat]
2022-04-16 00:00:17.090  INFO 13044 --- [main] org.apache.catalina.core.StandardEngine  : Starting Servlet engine: [Apache Tomcat/9.0.56]
2022-04-16 00:00:17.231  INFO 13044 --- [main] o.a.c.c.C.[Tomcat].[localhost].[/]       : Initializing Spring embedded WebApplicationContext
2022-04-16 00:00:17.231  INFO 13044 --- [main] w.s.c.ServletWebServerApplicationContext : Root WebApplicationContext: initialization completed in 1145 ms
2022-04-16 00:00:17.562  INFO 13044 --- [main] c.a.d.s.b.a.DruidDataSourceAutoConfigure : Init DruidDataSource
2022-04-16 00:00:17.640  INFO 13044 --- [main] com.alibaba.druid.pool.DruidDataSource   : {dataSource-1} inited
2022-04-16 00:00:19.603  INFO 13044 --- [main] o.s.b.w.embedded.tomcat.TomcatWebServer  : Tomcat started on port(s): 8888 (http) with context path ''
2022-04-16 00:00:19.619  INFO 13044 --- [main] com.sch.SchApplication                   : Started SchApplication in 3.909 seconds (JVM running for 4.814)
2022-04-16 00:00:22.376  INFO 13044 --- [http-nio-8888-exec-1] o.a.c.c.C.[Tomcat].[localhost].[/]       : Initializing Spring DispatcherServlet 'dispatcherServlet'
2022-04-16 00:00:22.377  INFO 13044 --- [http-nio-8888-exec-1] o.s.web.servlet.DispatcherServlet        : Initializing Servlet 'dispatcherServlet'
2022-04-16 00:00:22.378  INFO 13044 --- [http-nio-8888-exec-1] o.s.web.servlet.DispatcherServlet        : Completed initialization in 1 ms
2022-04-16 00:07:40.618  WARN 13044 --- [http-nio-8888-exec-3] c.a.druid.pool.DruidAbstractDataSource   : discard long time none received connection. , jdbcUrl : jdbc:mysql://127.0.0.1:3306/mydata?useUnicode=true&characterEncoding=utf-8&severTimezone=UTC, version : 1.2.5, lastPacketReceivedIdleMillis : 119291
2022-04-16 00:07:59.361  INFO 13044 --- [http-nio-8888-exec-7] c.s.controller.noaspect.LoginController  : 用户:admin已登录
2022-04-16 00:11:47.242  WARN 13044 --- [http-nio-8888-exec-7] c.a.druid.pool.DruidAbstractDataSource   : discard long time none received connection. , jdbcUrl : jdbc:mysql://127.0.0.1:3306/mydata?useUnicode=true&characterEncoding=utf-8&severTimezone=UTC, version : 1.2.5, lastPacketReceivedIdleMillis : 136784
2022-04-16 00:12:55.444  INFO 13044 --- [SpringApplicationShutdownHook] com.alibaba.druid.pool.DruidDataSource   : {dataSource-1} closing ...
2022-04-16 00:12:55.444  INFO 13044 --- [SpringApplicationShutdownHook] com.alibaba.druid.pool.DruidDataSource   : {dataSource-1} closed
2022-04-16 00:12:58.491  INFO 7176 --- [main] com.sch.SchApplication                   : Starting SchApplication using Java 11.0.13 on ntbook with PID 7176 (D:\_____idea\_____project\_____git\target\classes started by Gao in D:\_____idea\_____project\_____git)
2022-04-16 00:12:58.491  INFO 7176 --- [main] com.sch.SchApplication                   : No active profile set, falling back to default profiles: default
2022-04-16 00:12:58.945  INFO 7176 --- [main] .s.d.r.c.RepositoryConfigurationDelegate : Multiple Spring Data modules found, entering strict repository configuration mode!
2022-04-16 00:12:58.945  INFO 7176 --- [main] .s.d.r.c.RepositoryConfigurationDelegate : Bootstrapping Spring Data Redis repositories in DEFAULT mode.
2022-04-16 00:12:58.961  INFO 7176 --- [main] .s.d.r.c.RepositoryConfigurationDelegate : Finished Spring Data repository scanning in 8 ms. Found 0 Redis repository interfaces.
2022-04-16 00:12:59.432  INFO 7176 --- [main] o.s.b.w.embedded.tomcat.TomcatWebServer  : Tomcat initialized with port(s): 8888 (http)
2022-04-16 00:12:59.432  INFO 7176 --- [main] o.apache.catalina.core.StandardService   : Starting service [Tomcat]
2022-04-16 00:12:59.432  INFO 7176 --- [main] org.apache.catalina.core.StandardEngine  : Starting Servlet engine: [Apache Tomcat/9.0.56]
2022-04-16 00:12:59.510  INFO 7176 --- [main] o.a.c.c.C.[Tomcat].[localhost].[/]       : Initializing Spring embedded WebApplicationContext
2022-04-16 00:12:59.510  INFO 7176 --- [main] w.s.c.ServletWebServerApplicationContext : Root WebApplicationContext: initialization completed in 988 ms
2022-04-16 00:12:59.786  INFO 7176 --- [main] c.a.d.s.b.a.DruidDataSourceAutoConfigure : Init DruidDataSource
2022-04-16 00:12:59.852  INFO 7176 --- [main] com.alibaba.druid.pool.DruidDataSource   : {dataSource-1} inited
2022-04-16 00:13:01.993  INFO 7176 --- [main] o.s.b.w.embedded.tomcat.TomcatWebServer  : Tomcat started on port(s): 8888 (http) with context path ''
2022-04-16 00:13:02.009  INFO 7176 --- [main] com.sch.SchApplication                   : Started SchApplication in 3.846 seconds (JVM running for 5.096)
2022-04-16 00:13:58.372  INFO 7176 --- [http-nio-8888-exec-1] o.a.c.c.C.[Tomcat].[localhost].[/]       : Initializing Spring DispatcherServlet 'dispatcherServlet'
2022-04-16 00:13:58.372  INFO 7176 --- [http-nio-8888-exec-1] o.s.web.servlet.DispatcherServlet        : Initializing Servlet 'dispatcherServlet'
2022-04-16 00:13:58.372  INFO 7176 --- [http-nio-8888-exec-1] o.s.web.servlet.DispatcherServlet        : Completed initialization in 0 ms
2022-04-16 00:15:51.121  INFO 7176 --- [SpringApplicationShutdownHook] com.alibaba.druid.pool.DruidDataSource   : {dataSource-1} closing ...
2022-04-16 00:15:51.136  INFO 7176 --- [SpringApplicationShutdownHook] com.alibaba.druid.pool.DruidDataSource   : {dataSource-1} closed
2022-04-16 00:15:56.188  INFO 6248 --- [main] com.sch.SchApplication                   : Starting SchApplication using Java 11.0.13 on ntbook with PID 6248 (D:\_____idea\_____project\_____git\target\classes started by Gao in D:\_____idea\_____project\_____git)
2022-04-16 00:15:56.188  INFO 6248 --- [main] com.sch.SchApplication                   : No active profile set, falling back to default profiles: default
2022-04-16 00:15:56.690  INFO 6248 --- [main] .s.d.r.c.RepositoryConfigurationDelegate : Multiple Spring Data modules found, entering strict repository configuration mode!
2022-04-16 00:15:56.690  INFO 6248 --- [main] .s.d.r.c.RepositoryConfigurationDelegate : Bootstrapping Spring Data Redis repositories in DEFAULT mode.
2022-04-16 00:15:56.705  INFO 6248 --- [main] .s.d.r.c.RepositoryConfigurationDelegate : Finished Spring Data repository scanning in 9 ms. Found 0 Redis repository interfaces.
2022-04-16 00:15:57.176  INFO 6248 --- [main] o.s.b.w.embedded.tomcat.TomcatWebServer  : Tomcat initialized with port(s): 8888 (http)
2022-04-16 00:15:57.176  INFO 6248 --- [main] o.apache.catalina.core.StandardService   : Starting service [Tomcat]
2022-04-16 00:15:57.176  INFO 6248 --- [main] org.apache.catalina.core.StandardEngine  : Starting Servlet engine: [Apache Tomcat/9.0.56]
2022-04-16 00:15:57.255  INFO 6248 --- [main] o.a.c.c.C.[Tomcat].[localhost].[/]       : Initializing Spring embedded WebApplicationContext
2022-04-16 00:15:57.255  INFO 6248 --- [main] w.s.c.ServletWebServerApplicationContext : Root WebApplicationContext: initialization completed in 1036 ms
2022-04-16 00:15:57.537  INFO 6248 --- [main] c.a.d.s.b.a.DruidDataSourceAutoConfigure : Init DruidDataSource
2022-04-16 00:15:57.600  INFO 6248 --- [main] com.alibaba.druid.pool.DruidDataSource   : {dataSource-1} inited
2022-04-16 00:15:59.759  INFO 6248 --- [main] o.s.b.w.embedded.tomcat.TomcatWebServer  : Tomcat started on port(s): 8888 (http) with context path ''
2022-04-16 00:15:59.775  INFO 6248 --- [main] com.sch.SchApplication                   : Started SchApplication in 3.903 seconds (JVM running for 4.751)
2022-04-16 00:16:01.246  INFO 6248 --- [http-nio-8888-exec-1] o.a.c.c.C.[Tomcat].[localhost].[/]       : Initializing Spring DispatcherServlet 'dispatcherServlet'
2022-04-16 00:16:01.247  INFO 6248 --- [http-nio-8888-exec-1] o.s.web.servlet.DispatcherServlet        : Initializing Servlet 'dispatcherServlet'
2022-04-16 00:16:01.248  INFO 6248 --- [http-nio-8888-exec-1] o.s.web.servlet.DispatcherServlet        : Completed initialization in 1 ms
2022-04-16 00:16:31.113  INFO 6248 --- [SpringApplicationShutdownHook] com.alibaba.druid.pool.DruidDataSource   : {dataSource-1} closing ...
2022-04-16 00:16:31.128  INFO 6248 --- [SpringApplicationShutdownHook] com.alibaba.druid.pool.DruidDataSource   : {dataSource-1} closed
2022-04-16 00:16:36.275  INFO 4464 --- [main] com.sch.SchApplication                   : Starting SchApplication using Java 11.0.13 on ntbook with PID 4464 (D:\_____idea\_____project\_____git\target\classes started by Gao in D:\_____idea\_____project\_____git)
2022-04-16 00:16:36.275  INFO 4464 --- [main] com.sch.SchApplication                   : No active profile set, falling back to default profiles: default
2022-04-16 00:16:36.824  INFO 4464 --- [main] .s.d.r.c.RepositoryConfigurationDelegate : Multiple Spring Data modules found, entering strict repository configuration mode!
2022-04-16 00:16:36.824  INFO 4464 --- [main] .s.d.r.c.RepositoryConfigurationDelegate : Bootstrapping Spring Data Redis repositories in DEFAULT mode.
2022-04-16 00:16:36.840  INFO 4464 --- [main] .s.d.r.c.RepositoryConfigurationDelegate : Finished Spring Data repository scanning in 8 ms. Found 0 Redis repository interfaces.
2022-04-16 00:16:37.358  INFO 4464 --- [main] o.s.b.w.embedded.tomcat.TomcatWebServer  : Tomcat initialized with port(s): 8888 (http)
2022-04-16 00:16:37.358  INFO 4464 --- [main] o.apache.catalina.core.StandardService   : Starting service [Tomcat]
2022-04-16 00:16:37.358  INFO 4464 --- [main] org.apache.catalina.core.StandardEngine  : Starting Servlet engine: [Apache Tomcat/9.0.56]
2022-04-16 00:16:37.451  INFO 4464 --- [main] o.a.c.c.C.[Tomcat].[localhost].[/]       : Initializing Spring embedded WebApplicationContext
2022-04-16 00:16:37.451  INFO 4464 --- [main] w.s.c.ServletWebServerApplicationContext : Root WebApplicationContext: initialization completed in 1144 ms
2022-04-16 00:16:37.738  INFO 4464 --- [main] c.a.d.s.b.a.DruidDataSourceAutoConfigure : Init DruidDataSource
2022-04-16 00:16:37.806  INFO 4464 --- [main] com.alibaba.druid.pool.DruidDataSource   : {dataSource-1} inited
2022-04-16 00:16:39.789  INFO 4464 --- [main] o.s.b.w.embedded.tomcat.TomcatWebServer  : Tomcat started on port(s): 8888 (http) with context path ''
2022-04-16 00:16:39.812  INFO 4464 --- [main] com.sch.SchApplication                   : Started SchApplication in 3.838 seconds (JVM running for 4.724)
2022-04-16 00:16:41.123  INFO 4464 --- [http-nio-8888-exec-1] o.a.c.c.C.[Tomcat].[localhost].[/]       : Initializing Spring DispatcherServlet 'dispatcherServlet'
2022-04-16 00:16:41.124  INFO 4464 --- [http-nio-8888-exec-1] o.s.web.servlet.DispatcherServlet        : Initializing Servlet 'dispatcherServlet'
2022-04-16 00:16:41.125  INFO 4464 --- [http-nio-8888-exec-1] o.s.web.servlet.DispatcherServlet        : Completed initialization in 1 ms
2022-04-16 00:19:18.380  INFO 4464 --- [SpringApplicationShutdownHook] com.alibaba.druid.pool.DruidDataSource   : {dataSource-1} closing ...
2022-04-16 00:19:18.380  INFO 4464 --- [SpringApplicationShutdownHook] com.alibaba.druid.pool.DruidDataSource   : {dataSource-1} closed
2022-04-16 00:19:23.242  INFO 7760 --- [main] com.sch.SchApplication                   : Starting SchApplication using Java 11.0.13 on ntbook with PID 7760 (D:\_____idea\_____project\_____git\target\classes started by Gao in D:\_____idea\_____project\_____git)
2022-04-16 00:19:23.242  INFO 7760 --- [main] com.sch.SchApplication                   : No active profile set, falling back to default profiles: default
2022-04-16 00:19:23.744  INFO 7760 --- [main] .s.d.r.c.RepositoryConfigurationDelegate : Multiple Spring Data modules found, entering strict repository configuration mode!
2022-04-16 00:19:23.744  INFO 7760 --- [main] .s.d.r.c.RepositoryConfigurationDelegate : Bootstrapping Spring Data Redis repositories in DEFAULT mode.
2022-04-16 00:19:23.760  INFO 7760 --- [main] .s.d.r.c.RepositoryConfigurationDelegate : Finished Spring Data repository scanning in 9 ms. Found 0 Redis repository interfaces.
2022-04-16 00:19:24.261  INFO 7760 --- [main] o.s.b.w.embedded.tomcat.TomcatWebServer  : Tomcat initialized with port(s): 8888 (http)
2022-04-16 00:19:24.277  INFO 7760 --- [main] o.apache.catalina.core.StandardService   : Starting service [Tomcat]
2022-04-16 00:19:24.277  INFO 7760 --- [main] org.apache.catalina.core.StandardEngine  : Starting Servlet engine: [Apache Tomcat/9.0.56]
2022-04-16 00:19:24.387  INFO 7760 --- [main] o.a.c.c.C.[Tomcat].[localhost].[/]       : Initializing Spring embedded WebApplicationContext
2022-04-16 00:19:24.387  INFO 7760 --- [main] w.s.c.ServletWebServerApplicationContext : Root WebApplicationContext: initialization completed in 1098 ms
2022-04-16 00:19:24.748  INFO 7760 --- [main] c.a.d.s.b.a.DruidDataSourceAutoConfigure : Init DruidDataSource
2022-04-16 00:19:24.842  INFO 7760 --- [main] com.alibaba.druid.pool.DruidDataSource   : {dataSource-1} inited
2022-04-16 00:19:27.636  INFO 7760 --- [main] o.s.b.w.embedded.tomcat.TomcatWebServer  : Tomcat started on port(s): 8888 (http) with context path ''
2022-04-16 00:19:27.655  INFO 7760 --- [main] com.sch.SchApplication                   : Started SchApplication in 4.763 seconds (JVM running for 5.607)
2022-04-16 00:19:27.908  INFO 7760 --- [http-nio-8888-exec-1] o.a.c.c.C.[Tomcat].[localhost].[/]       : Initializing Spring DispatcherServlet 'dispatcherServlet'
2022-04-16 00:19:27.909  INFO 7760 --- [http-nio-8888-exec-1] o.s.web.servlet.DispatcherServlet        : Initializing Servlet 'dispatcherServlet'
2022-04-16 00:19:27.910  INFO 7760 --- [http-nio-8888-exec-1] o.s.web.servlet.DispatcherServlet        : Completed initialization in 1 ms
2022-04-16 00:19:37.202  INFO 7760 --- [http-nio-8888-exec-9] c.s.controller.noaspect.LoginController  : 用户:admin已登录
2022-04-16 00:24:06.206  WARN 7760 --- [http-nio-8888-exec-6] c.a.druid.pool.DruidAbstractDataSource   : discard long time none received connection. , jdbcUrl : jdbc:mysql://127.0.0.1:3306/mydata?useUnicode=true&characterEncoding=utf-8&severTimezone=UTC, version : 1.2.5, lastPacketReceivedIdleMillis : 264485
2022-04-16 00:24:38.832  INFO 7760 --- [SpringApplicationShutdownHook] com.alibaba.druid.pool.DruidDataSource   : {dataSource-1} closing ...
2022-04-16 00:24:38.847  INFO 7760 --- [SpringApplicationShutdownHook] com.alibaba.druid.pool.DruidDataSource   : {dataSource-1} closed
2022-04-16 00:24:43.429  INFO 3644 --- [main] com.sch.SchApplication                   : Starting SchApplication using Java 11.0.13 on ntbook with PID 3644 (D:\_____idea\_____project\_____git\target\classes started by Gao in D:\_____idea\_____project\_____git)
2022-04-16 00:24:43.429  INFO 3644 --- [main] com.sch.SchApplication                   : No active profile set, falling back to default profiles: default
2022-04-16 00:24:43.916  INFO 3644 --- [main] .s.d.r.c.RepositoryConfigurationDelegate : Multiple Spring Data modules found, entering strict repository configuration mode!
2022-04-16 00:24:43.916  INFO 3644 --- [main] .s.d.r.c.RepositoryConfigurationDelegate : Bootstrapping Spring Data Redis repositories in DEFAULT mode.
2022-04-16 00:24:43.931  INFO 3644 --- [main] .s.d.r.c.RepositoryConfigurationDelegate : Finished Spring Data repository scanning in 9 ms. Found 0 Redis repository interfaces.
2022-04-16 00:24:44.402  INFO 3644 --- [main] o.s.b.w.embedded.tomcat.TomcatWebServer  : Tomcat initialized with port(s): 8888 (http)
2022-04-16 00:24:44.417  INFO 3644 --- [main] o.apache.catalina.core.StandardService   : Starting service [Tomcat]
2022-04-16 00:24:44.417  INFO 3644 --- [main] org.apache.catalina.core.StandardEngine  : Starting Servlet engine: [Apache Tomcat/9.0.56]
2022-04-16 00:24:44.496  INFO 3644 --- [main] o.a.c.c.C.[Tomcat].[localhost].[/]       : Initializing Spring embedded WebApplicationContext
2022-04-16 00:24:44.496  INFO 3644 --- [main] w.s.c.ServletWebServerApplicationContext : Root WebApplicationContext: initialization completed in 1036 ms
2022-04-16 00:24:44.780  INFO 3644 --- [main] c.a.d.s.b.a.DruidDataSourceAutoConfigure : Init DruidDataSource
2022-04-16 00:24:44.833  INFO 3644 --- [main] com.alibaba.druid.pool.DruidDataSource   : {dataSource-1} inited
2022-04-16 00:24:46.673  INFO 3644 --- [main] o.s.b.w.embedded.tomcat.TomcatWebServer  : Tomcat started on port(s): 8888 (http) with context path ''
2022-04-16 00:24:46.692  INFO 3644 --- [main] com.sch.SchApplication                   : Started SchApplication in 3.572 seconds (JVM running for 4.353)
2022-04-16 00:24:51.438  INFO 3644 --- [http-nio-8888-exec-1] o.a.c.c.C.[Tomcat].[localhost].[/]       : Initializing Spring DispatcherServlet 'dispatcherServlet'
2022-04-16 00:24:51.454  INFO 3644 --- [http-nio-8888-exec-1] o.s.web.servlet.DispatcherServlet        : Initializing Servlet 'dispatcherServlet'
2022-04-16 00:24:51.455  INFO 3644 --- [http-nio-8888-exec-1] o.s.web.servlet.DispatcherServlet        : Completed initialization in 1 ms
2022-04-16 00:27:46.658  INFO 3644 --- [SpringApplicationShutdownHook] com.alibaba.druid.pool.DruidDataSource   : {dataSource-1} closing ...
2022-04-16 00:27:46.665  INFO 3644 --- [SpringApplicationShutdownHook] com.alibaba.druid.pool.DruidDataSource   : {dataSource-1} closed
